Arguments: 
  /usr/local/bin/node /usr/local/bin/yarn install

PATH: 
  /usr/local/bin:/usr/bin:/bin:/usr/sbin:/sbin

Yarn version: 
  1.10.0

Node version: 
  10.11.0

Platform: 
  darwin x64

Trace: 
  Error: https://registry.yarnpkg.com/gatsby: ESOCKETTIMEDOUT
      at ClientRequest.<anonymous> (/usr/local/lib/node_modules/yarn/lib/cli.js:120787:19)
      at Object.onceWrapper (events.js:273:13)
      at ClientRequest.emit (events.js:182:13)
      at TLSSocket.emitRequestTimeout (_http_client.js:661:40)
      at Object.onceWrapper (events.js:273:13)
      at TLSSocket.emit (events.js:182:13)
      at TLSSocket.Socket._onTimeout (net.js:449:8)
      at ontimeout (timers.js:425:11)
      at tryOnTimeout (timers.js:289:5)
      at listOnTimeout (timers.js:252:5)

npm manifest: 
  {
    "name": "gatsby-starter-default",
    "description": "Gatsby default starter",
    "version": "1.0.0",
    "author": "Kyle Mathews <mathews.kyle@gmail.com>",
    "dependencies": {
      "gatsby": "^2.0.0",
      "gatsby-plugin-manifest": "^2.0.2",
      "gatsby-plugin-offline": "^2.0.5",
      "gatsby-plugin-react-helmet": "^3.0.0",
      "react": "^16.5.1",
      "react-dom": "^16.5.1",
      "react-helmet": "^5.2.0"
    },
    "keywords": [
      "gatsby"
    ],
    "license": "MIT",
    "scripts": {
      "build": "gatsby build",
      "develop": "gatsby develop",
      "format": "prettier --write '**/*.js'",
      "test": "echo \"Error: no test specified\" && exit 1"
    },
    "devDependencies": {
      "prettier": "^1.14.2"
    },
    "repository": {
      "type": "git",
      "url": "https://github.com/gatsbyjs/gatsby-starter-default"
    }
  }

yarn manifest: 
  No manifest

Lockfile: 
  No lockfile
